======================================================================
[REVoi 36개월 수익률 — $10k 복리 · 레버3/증거금75% · 거래 932(롱425/숏507)]
  ① 무비용 상한(손익금, 달성불가)   : +6,737.9%   ($683,794)
  ② 슬립0(수수료+펀딩만)            : +1,851.6%   ($195,165)   ← 낙관(청산슬립0)
  ★③ 현실(+청산 스프1bp)=순손익금   : +1,483.3%   ($158,335)   ← 진실(채택)
     MDD -25.3% · 강제청산 0건

[분기별 수익률(현실) + 롱/숏 수익금($)]  (수익률=그 분기 복리, 롱/숏=그 분기 $기여)
  분기            분기수익률         롱 $         숏 $       분기말 잔고$
  2023-Q2       -8.8%        -768        -108         9,124
  2023-Q3      +11.5%         671         380        10,175
  2023-Q4       +8.3%       2,916      -2,075        11,016
  2024-Q1      +57.4%       5,358         968        17,342
  2024-Q2      +78.3%       3,127      10,456        30,925
  2024-Q3      +46.3%       4,408       9,911        45,244
  2024-Q4       -3.7%       7,748      -9,429        43,564
  2025-Q1     +126.4%      25,860      29,222        98,645
  2025-Q2       -1.3%      14,548     -15,878        97,315
  2025-Q3      +15.1%      -5,097      19,774       111,992
  2025-Q4      +19.5%      -3,891      25,704       133,805
  2026-Q1      +24.6%      23,749       9,132       166,686
  2026-Q2       -5.0%      -4,215      -4,137       158,335

[비용 분해 — 현실 기준 ($, 36개월 누적)]
  지정가 수수료(maker, 진입 되돌림)   : $      26,618   (요율 2bp)
  시장가 수수료(taker, 청산 fibstop)  : $      53,237   (요율 4bp)
  슬리피지(청산 시장가, 스프1bp)      : $      13,309
  펀딩비(실펀딩 8h)                   : $        -759
  ───────────────────────────────
  총비용(=무비용상한 − 순손익)        : $     525,460   (상한 대비 76.8% 잠식)
  체결 구조: 진입=지정가(maker, 3분할), 청산=시장가(taker, fibstop 강제청산0)

======================================================================
[정직] ③현실(+1483%)이 채택수치. 단 청산 시장가 슬립이 1m재현상 0bp 기반(스프1bp만)이라 여전히 낙관 여지 — 틱실측 보정(안전장치7)이 남음.
