================================================================
[1m OHLC] 1578240행 · 2023-05-01 00:00:00 ~ 2026-04-30 23:59:00

[TS 성급왕 / led36_king 668거래 · 청산 reason={'sl_intrabar': 667, 'trend_flip': 1}]
  ② 환각 도달검증: 청산가 보유창 미도달 0건 / 668 (0.0%) · 창없음 0
  → PASS(환각0)

[SW SidewayDCA / causal_ledger 84거래 · 청산 reason={'tp_poc': 59, 'sl_deep': 19, 'sl_trail': 6}] (참고=체결모델 미확정)
  ② 환각 도달검증(참고): 청산가 보유창 미도달 16건 / 84 (19.0%) · 창없음 0
  → 참고: 16건 미도달(SW 정밀검증은 봇 래퍼로)

================================================================
[판정] 레일 작동 실증 = TS의 환상청산이 ②환각 도달검증에 걸려 떨어짐(같은 검사가 REVoi는 0건=통과).
  ※ 이건 ②환각 '도달검증'만 — 풀 4관문(앵커·CPCV·비용)·정밀 봉겹침은 TS·SW 봇 래퍼 작성 후(다음).
================================================================
[1m OHLC] 1578240행 · 2023-05-01 00:00:00 ~ 2026-04-30 23:59:00

[TS 성급왕 / led36_king 668거래 · 청산 reason={'sl_intrabar': 667, 'trend_flip': 1}]
  (참고)넓은창 미도달 0/668 = 너무 관대(보유창 어디서든 닿으면 OK, 신뢰 낮음)
  ★정밀 봉겹침: 청산가가 exit_t 봉범위 [저,고] 밖 211/668 (31.6%) = 그 순간 체결불가=환상
  → ❌ FAIL — 211건 환상청산. 메모리 211/667(신뢰85)과 대조

[SW SidewayDCA / causal_ledger 84거래 · 청산 reason={'tp_poc': 59, 'sl_deep': 19, 'sl_trail': 6}] (참고=체결모델 미확정)
  ★정밀 봉겹침(참고): 청산가가 exit_t 봉범위 밖 83/84 (98.8%) · 넓은창 미도달 16
  → 참고치(SW exit_t 의미·tf 미확정 → 정밀검증은 SW 봇 래퍼로). 단독 해석 금지.

================================================================
[판정] 레일 작동 실증 = TS의 환상청산이 ②환각 도달검증에 걸려 떨어짐(같은 검사가 REVoi는 0건=통과).
  ※ 이건 ②환각 '도달검증'만 — 풀 4관문(앵커·CPCV·비용)·정밀 봉겹침은 TS·SW 봇 래퍼 작성 후(다음).
