
===== [FoldClose] 1폴드(-21.4%) 닫기 스윕 — TPF x TIGHT x TGT · 후보120 · 14:30 =====
[달력] 2023-05 ~ 2026-04 (36개월) · 로드 0h00m

  -- 후보집합 빌드 TPF0.7/TIGHT1.4 --
    [TPF0.7/TIGHT1.4] 후보 40/120 · 경과 0h00m
    [TPF0.7/TIGHT1.4] 후보 80/120 · 경과 0h00m
    [TPF0.7/TIGHT1.4] 후보 120/120 · 경과 0h01m
    유효후보 120 · 0h01m
    [TPF0.7/TIGHT1.4 TGT20] p25 +63.9% · 위반 7% · 최악폴드MDD -21% · 음수폴드 0% ★앵커
    [TPF0.7/TIGHT1.4 TGT19] p25 +63.9% · 위반 7% · 최악폴드MDD -21% · 음수폴드 0%
    [TPF0.7/TIGHT1.4 TGT18] p25 +63.9% · 위반 7% · 최악폴드MDD -21% · 음수폴드 0%

  -- 후보집합 빌드 TPF0.7/TIGHT1.6 --
    [TPF0.7/TIGHT1.6] 후보 40/120 · 경과 0h01m
    [TPF0.7/TIGHT1.6] 후보 80/120 · 경과 0h02m
    [TPF0.7/TIGHT1.6] 후보 120/120 · 경과 0h02m
    유효후보 120 · 0h02m
    [TPF0.7/TIGHT1.6 TGT20] p25 +61.6% · 위반 0% · 최악폴드MDD -18% · 음수폴드 0%
    [TPF0.7/TIGHT1.6 TGT19] p25 +61.6% · 위반 0% · 최악폴드MDD -18% · 음수폴드 0%
    [TPF0.7/TIGHT1.6 TGT18] p25 +61.6% · 위반 0% · 최악폴드MDD -18% · 음수폴드 0%

  -- 후보집합 빌드 TPF0.7/TIGHT1.8 --
    [TPF0.7/TIGHT1.8] 후보 40/120 · 경과 0h03m
    [TPF0.7/TIGHT1.8] 후보 80/120 · 경과 0h03m
    [TPF0.7/TIGHT1.8] 후보 120/120 · 경과 0h04m
    유효후보 120 · 0h04m
    [TPF0.7/TIGHT1.8 TGT20] p25 +65.9% · 위반 0% · 최악폴드MDD -18% · 음수폴드 0%
    [TPF0.7/TIGHT1.8 TGT19] p25 +65.9% · 위반 0% · 최악폴드MDD -18% · 음수폴드 0%
    [TPF0.7/TIGHT1.8 TGT18] p25 +65.9% · 위반 0% · 최악폴드MDD -18% · 음수폴드 0%

  -- 후보집합 빌드 TPF0.8/TIGHT1.4 --
    [TPF0.8/TIGHT1.4] 후보 40/120 · 경과 0h05m
    [TPF0.8/TIGHT1.4] 후보 80/120 · 경과 0h06m
    [TPF0.8/TIGHT1.4] 후보 120/120 · 경과 0h06m
    유효후보 120 · 0h06m
    [TPF0.8/TIGHT1.4 TGT20] p25 +60.6% · 위반 13% · 최악폴드MDD -21% · 음수폴드 0%
    [TPF0.8/TIGHT1.4 TGT19] p25 +60.6% · 위반 13% · 최악폴드MDD -21% · 음수폴드 0%
    [TPF0.8/TIGHT1.4 TGT18] p25 +60.6% · 위반 13% · 최악폴드MDD -21% · 음수폴드 0%

  -- 후보집합 빌드 TPF0.8/TIGHT1.6 --
    [TPF0.8/TIGHT1.6] 후보 40/120 · 경과 0h07m
    [TPF0.8/TIGHT1.6] 후보 80/120 · 경과 0h08m
    [TPF0.8/TIGHT1.6] 후보 120/120 · 경과 0h09m
    유효후보 120 · 0h09m
    [TPF0.8/TIGHT1.6 TGT20] p25 +60.2% · 위반 0% · 최악폴드MDD -17% · 음수폴드 0%
    [TPF0.8/TIGHT1.6 TGT19] p25 +60.2% · 위반 0% · 최악폴드MDD -17% · 음수폴드 0%
    [TPF0.8/TIGHT1.6 TGT18] p25 +60.2% · 위반 0% · 최악폴드MDD -17% · 음수폴드 0%

  -- 후보집합 빌드 TPF0.8/TIGHT1.8 --
    [TPF0.8/TIGHT1.8] 후보 40/120 · 경과 0h10m
    [TPF0.8/TIGHT1.8] 후보 80/120 · 경과 0h11m
    [TPF0.8/TIGHT1.8] 후보 120/120 · 경과 0h12m
    유효후보 120 · 0h12m
    [TPF0.8/TIGHT1.8 TGT20] p25 +73.0% · 위반 0% · 최악폴드MDD -17% · 음수폴드 0%
    [TPF0.8/TIGHT1.8 TGT19] p25 +73.0% · 위반 0% · 최악폴드MDD -17% · 음수폴드 0%
    [TPF0.8/TIGHT1.8 TGT18] p25 +73.0% · 위반 0% · 최악폴드MDD -17% · 음수폴드 0%

[앵커 대조 §15.2] (0.7,1.4,20) p25 +63.9% / 위반 7%  (직전 cpcv_reopt_exit = +63.9% / 7%)

[★승자] TPF0.8/TIGHT1.8/TGT18 → p25 +73.0% · 위반 0% · 최악폴드 -17% (§9 확정후보)

[승자 held-out 2025~26 (노출1.0 raw)] 거래417·월복리+87%·MDD-3%·연환산+60%·롱R합+45%/숏R합+19%
    분기  롱_거래  롱_승률  롱_R합  숏_거래  숏_승률  숏_R합  총_R합
2025Q1    37  78.0  20.7    35  63.0   3.9  24.6
2025Q2    42  64.0   5.4    43  56.0  -2.5   2.9
2025Q3    33  67.0   1.9    50  70.0   5.5   7.4
2025Q4    33  79.0   8.5    44  59.0   4.5  13.0
2026Q1    37  65.0   9.5    32  59.0   3.9  13.4
2026Q2    16  56.0  -0.8    15  73.0   3.4   2.6

[저장] D:\ML\RfRauto\00_WorkHstr\BackTest_Output\260625_09_RevoiExitRegime_FoldClose
  승자 위반0=§9후보 · 총 0h12m
    [win] 후보 40/120 · 경과 0h00m
    [win] 후보 80/120 · 경과 0h00m
    [win] 후보 120/120 · 경과 0h01m
