========================================================================
[+1852% 세팅(MDD-25, 레버3/증거금75%/노출2.2) 비용 분해 — 36개월]
  손익금 무비용(이론상한)  =       663,821  = +6,638%
  순손익  현실(헤드라인)    =       185,168  = +1,852%   <== +1852%는 '이미 비용 뺀' 값
  총비용(이론-현실)         =       478,658  (이론수익의 72%를 비용이 먹음)
   ├ 지정가(메이커)수수료   =        30,992
   ├ 시장가(테이커)수수료   =        77,481
   ├ 슬리피지               =             0  <== 0! (1m재현상 0bp = 낙관·미반영, §20)
   ├ 펀딩비(절대)           =           875
   └ 복리드래그(수수료가 자본 깎아 이후 포지션 축소) =      369,310
  생수수료+펀딩 합 109,348 (총비용의 23%) · 복리드래그 369,310 (77%)

[분기별 현실 순손익(복리·이미 비용 뺀 값) · MDD-20 제약 없음]
    분기  분기수익률pct  롱_순손익  숏_순손익  분기말자본
2023Q2      -7.8   -727    -48   9225
2023Q3      13.3    754    475  10454
2023Q4      10.3   3108  -2034  11528
2024Q1      60.0   5775   1140  18443
2024Q2      81.4   3525  11484  33451
2024Q3      49.1   5225  11216  49892
2024Q4      -2.0   8937  -9918  48912
2025Q1     130.0  29860  33750 112520
2025Q2       0.5  17688 -17113 113096
2025Q3      17.2  -5015  24521 132602
2025Q4      21.6  -3457  32084 161228
2026Q1      26.5  30292  12461 203982
2026Q2      -4.3  -4501  -4316 195165

========================================================================
[§20 현실 시장가슬립 단계 적용 — 청산(테이커)에 추가슬립 bp만큼 R 차감 후 격리마진 재복리]
  추가슬립    0bp → 복리   +1852% · MDD   -25% · 강제청산 0회 ★앵커(=기존 +1852%)
  추가슬립    3bp → 복리    +942% · MDD   -27% · 강제청산 0회
  추가슬립    5bp → 복리    +586% · MDD   -28% · 강제청산 0회
  추가슬립    8bp → 복리    +266% · MDD   -33% · 강제청산 0회
  추가슬립   10bp → 복리    +141% · MDD   -40% · 강제청산 0회

[저장] D:\ML\RfRauto\00_WorkHstr\BackTest_Output\260625_10_RevoiExitRegime_CostAnalysis
