[REV 단독 탐색 200개] 격리마진 청산모델 · 레버[3, 5, 8, 10, 13, 16, 20, 25, 30] × 증거금[10, 20, 30, 50, 75, 100]
  탐색 30/200
  탐색 60/200
  탐색 90/200
  탐색 120/200
  탐색 150/200
  탐색 180/200

===== 4승자 요약 =====
[REV_MDDfree_36mo] 레버13·증거금100% → 복리+853337%·MDD-85%·단일최고월+481%·청산0·거래932
[REV_MDDfree_1mo] 레버30·증거금100% → 복리-100%·MDD-100%·단일최고월+6040%·청산13·거래864
[REV_MDD25_36mo] 레버3·증거금75% → 복리+1852%·MDD-25%·단일최고월+44%·청산0·거래932
[REV_MDD25_1mo] 레버13·증거금10% → 복리+429%·MDD-22%·단일최고월+51%·청산0·거래862

===== Back2TV 4종 생성 =====

[Back2TV·REV단독] 260624_11_REV_MDDfree_36mo
[세팅] REV_TF=240 눌림목=20 N=3 피보=(0.22,0.49,0.80) ATR×0.60 | REV분위0.32/롤링26 arm3
[사이징] 레버=13배 · 증거금=100% · 노출=13.0 (격리마진·유지증거금·강제청산)
[성적] 거래932·승률50%·PF1.09·복리+853337%($85,343,728)·MDD-85%·강제청산0회·단일최고월 +481%
[비용] 순손익$+85,333,728 = 손익금(무비용)$+107,784,821,675 − 총비용$107,699,487,947
[저장] D:\ML\RfRauto\00_WorkHstr\BackTest_Output\260624_11_REV_MDDfree_36mo\  ·  Pine: 260624_11_REV_MDDfree_36mo.pine → TV BTCUSDT.P·UTC·4

[Back2TV·REV단독] 260624_12_REV_MDDfree_1mo
[세팅] REV_TF=240 눌림목=20 N=7 피보=(0.43,0.47,0.72) ATR×0.93 | REV분위0.37/롤링69 arm3
[사이징] 레버=30배 · 증거금=100% · 노출=30.0 (격리마진·유지증거금·강제청산)
[성적] 거래864·승률51%·PF0.51·복리-100%($0)·MDD-100%·강제청산13회·단일최고월 +6040%
[비용] 순손익$-10,000 = 손익금(무비용)$-10,000 − 총비용$0
[저장] D:\ML\RfRauto\00_WorkHstr\BackTest_Output\260624_12_REV_MDDfree_1mo\  ·  Pine: 260624_12_REV_MDDfree_1mo.pine → TV BTCUSDT.P·UTC·4

[Back2TV·REV단독] 260624_13_REV_MDD25_36mo
[세팅] REV_TF=240 눌림목=20 N=3 피보=(0.22,0.49,0.80) ATR×0.60 | REV분위0.32/롤링26 arm3
[사이징] 레버=3배 · 증거금=75% · 노출=2.2 (격리마진·유지증거금·강제청산)
[성적] 거래932·승률50%·PF1.36·복리+1852%($195,165)·MDD-25%·강제청산0회·단일최고월 +44%
[비용] 순손익$+185,165 = 손익금(무비용)$+663,824 − 총비용$478,659
[저장] D:\ML\RfRauto\00_WorkHstr\BackTest_Output\260624_13_REV_MDD25_36mo\  ·  Pine: 260624_13_REV_MDD25_36mo.pine → TV BTCUSDT.P·UTC·4

[Back2TV·REV단독] 260624_14_REV_MDD25_1mo
[세팅] REV_TF=240 눌림목=20 N=6 피보=(0.17,0.64,0.70) ATR×1.13 | REV분위0.24/롤링31 arm11
[사이징] 레버=13배 · 증거금=10% · 노출=1.3 (격리마진·유지증거금·강제청산)
[성적] 거래862·승률51%·PF1.30·복리+429%($52,860)·MDD-22%·강제청산0회·단일최고월 +51%
[비용] 순손익$+42,860 = 손익금(무비용)$+93,142 − 총비용$50,282
[저장] D:\ML\RfRauto\00_WorkHstr\BackTest_Output\260624_14_REV_MDD25_1mo\  ·  Pine: 260624_14_REV_MDD25_1mo.pine → TV BTCUSDT.P·UTC·4
