
===== CPCV 재최적화 시작 (후보 150개) 15:15 =====
[달력] 2023-05 ~ 2026-04 (36개월) · 데이터 로드 0h00m
  후보 10/150 · 경과 0h00m · 후보당 1s · ★예상종료 0h03m 뒤 (15:18)
  후보 20/150 · 경과 0h00m · 후보당 1s · ★예상종료 0h02m 뒤 (15:18)
  후보 30/150 · 경과 0h00m · 후보당 1s · ★예상종료 0h02m 뒤 (15:18)
  후보 40/150 · 경과 0h00m · 후보당 1s · ★예상종료 0h01m 뒤 (15:18)
  후보 50/150 · 경과 0h00m · 후보당 1s · ★예상종료 0h01m 뒤 (15:18)
  후보 60/150 · 경과 0h00m · 후보당 1s · ★예상종료 0h01m 뒤 (15:18)
  후보 70/150 · 경과 0h01m · 후보당 1s · ★예상종료 0h01m 뒤 (15:18)
  후보 80/150 · 경과 0h01m · 후보당 1s · ★예상종료 0h01m 뒤 (15:18)
  후보 90/150 · 경과 0h01m · 후보당 1s · ★예상종료 0h00m 뒤 (15:18)
  후보 100/150 · 경과 0h01m · 후보당 1s · ★예상종료 0h00m 뒤 (15:18)
  후보 110/150 · 경과 0h01m · 후보당 1s · ★예상종료 0h00m 뒤 (15:18)
  후보 120/150 · 경과 0h02m · 후보당 1s · ★예상종료 0h00m 뒤 (15:18)
  후보 130/150 · 경과 0h02m · 후보당 1s · ★예상종료 0h00m 뒤 (15:18)
  후보 140/150 · 경과 0h02m · 후보당 1s · ★예상종료 0h00m 뒤 (15:18)
  후보 150/150 · 경과 0h02m · 후보당 1s · ★예상종료 0h00m 뒤 (15:18)
[후보계산 완료] 유효 150개 · 총 0h02m

[연도그룹 leave-one-out (참고)] 4폴드 (재선택·purge·테스트OOS)
  테스트 연환산수익률: 중앙 +45.1% · p25 +27.5% · 최악 -12.0%/yr
  음수폴드 25% · MDD최악 -21% · MDD-20위반 25%

[표준6그룹 choose-2 = 15경로 (본선)] 15폴드 (재선택·purge·테스트OOS)
  테스트 연환산수익률: 중앙 +36.8% · p25 +12.7% · 최악 -13.0%/yr
  음수폴드 20% · MDD최악 -35% · MDD-20위반 53%

============================================================
[★본선 표준6 판정] p25 +12.7%/yr · 음수폴드 20% · MDD-20위반 53%
[결론] 미달 — p25 또는 MDD위반(헛수치 위 쌓기 금지)
[총 소요] 0h02m · 저장 cpcv_reopt_result.json

[청산OFF 기준 표준6 choose-2 (본선)] 15폴드 (재선택·purge·테스트OOS)
  테스트 연환산수익률: 중앙 +5.0% · p25 -4.0% · 최악 -64.2%/yr
  음수폴드 47% · MDD최악 -60% · MDD-20위반 80%

[청산OFF 기준 연도 leave-one-out (참고)] 4폴드 (재선택·purge·테스트OOS)
  테스트 연환산수익률: 중앙 +44.1% · p25 -11.6% · 최악 -20.1%/yr
  음수폴드 50% · MDD최악 -42% · MDD-20위반 50%

[청산ON R+P70% 표준6 choose-2 (본선)] 15폴드 (재선택·purge·테스트OOS)
  테스트 연환산수익률: 중앙 +100.1% · p25 +77.2% · 최악 +47.1%/yr
  음수폴드 0% · MDD최악 -35% · MDD-20위반 7%

[청산ON R+P70% 연도 leave-one-out (참고)] 4폴드 (재선택·purge·테스트OOS)
  테스트 연환산수익률: 중앙 +112.6% · p25 +67.5% · 최악 +21.6%/yr
  음수폴드 0% · MDD최악 -9% · MDD-20위반 0%

[청산OFF 기준 표준6 choose-2 (본선)] 15폴드 (재선택·purge·테스트OOS)
  테스트 연환산수익률: 중앙 +56.5% · p25 +11.4% · 최악 -40.2%/yr
  음수폴드 13% · MDD최악 -57% · MDD-20위반 87%

[청산OFF 기준 연도 leave-one-out (참고)] 4폴드 (재선택·purge·테스트OOS)
  테스트 연환산수익률: 중앙 +42.2% · p25 +20.2% · 최악 +19.9%/yr
  음수폴드 0% · MDD최악 -20% · MDD-20위반 25%

[청산ON R+P70% 표준6 choose-2 (본선)] 15폴드 (재선택·purge·테스트OOS)
  테스트 연환산수익률: 중앙 +88.9% · p25 +63.9% · 최악 +14.7%/yr
  음수폴드 0% · MDD최악 -21% · MDD-20위반 7%

[청산ON R+P70% 연도 leave-one-out (참고)] 4폴드 (재선택·purge·테스트OOS)
  테스트 연환산수익률: 중앙 +87.8% · p25 +39.3% · 최악 +5.0%/yr
  음수폴드 0% · MDD최악 -14% · MDD-20위반 0%
