
===== held-out 재최적 (REV단독, 청산 OFF vs R+P70%) 후보120 12:44 =====

----- 청산OFF 기준 -----
  [청산OFF 기준] 후보 20/120 · 경과 0h00m
  [청산OFF 기준] 후보 40/120 · 경과 0h00m
  [청산OFF 기준] 후보 60/120 · 경과 0h00m
  [청산OFF 기준] 후보 80/120 · 경과 0h00m
  [청산OFF 기준] 후보 100/120 · 경과 0h00m
  [청산OFF 기준] 후보 120/120 · 경과 0h01m
  유효후보 120 · 0h01m

----- 청산ON R+P70% -----
  [청산ON R+P70%] 후보 20/120 · 경과 0h01m
  [청산ON R+P70%] 후보 40/120 · 경과 0h01m
  [청산ON R+P70%] 후보 60/120 · 경과 0h01m
  [청산ON R+P70%] 후보 80/120 · 경과 0h02m
  [청산ON R+P70%] 후보 100/120 · 경과 0h02m
  [청산ON R+P70%] 후보 120/120 · 경과 0h02m
  유효후보 120 · 0h02m

[train≤2024 최적 후보(청산ON)] rev_tf240 piv20 N3 피보(0.22,0.49,0.80) iam0.60 q0.32/qwin26 arm3

[held-out 2025~26 (청산ON 최적)] 거래417 · 월복리 누적+83% · MDD-3% · 연환산+57% · 롱R합+41%/숏R합+21%
    분기  롱_거래  롱_승률  롱_R합  숏_거래  숏_승률  숏_R합  총_R합
2025Q1    38  71.0  20.1    35  57.0   5.5  25.6
2025Q2    41  59.0   4.5    43  56.0  -2.5   2.0
2025Q3    35  54.0   0.6    48  69.0   5.9   6.5
2025Q4    33  73.0   7.2    44  55.0   6.0  13.2
2026Q1    37  62.0   9.6    32  56.0   3.8  13.4
2026Q2    15  40.0  -1.5    16  69.0   2.5   0.9

[저장] D:\ML\RfRauto\00_WorkHstr\BackTest_Output\260625_07_RevoiExitUp_HeldoutReopt
  판정: 청산ON 미달 (p25 +63.9%·MDD-20위반 7%) | 총 0h02m
