====================================================================
[Rauto2 ↔ REVoi ↔ b32 매칭 시뮬레이션] 세션 260626_02_Rauto2_Sys
====================================================================
[config] REV_MDD25_36mo · 레버3.0/증거금75.0% · 신호TF 240m · 기대앵커 +1851.6%
[데이터] 중앙 1m 1,578,240행 · 기간 2023-05-01 00:00:00 ~ 2026-04-30 23:59:00 · 컬럼 ['timestamp', 'open', 'high', 'low', 'close', 'oi_zscore_24h']

─ [관문A 무손상] 봇(REVoi)→관제센터(봇무관)→RautoCEX run_backtest
   결과 : +1851.65% · MDD -24.56% · 청산 0 · 거래 932
   앵커 : +1851.65% · MDD -24.56% · 청산 0 · 거래 932
   차이 : 복리 0.000%p · MDD 0.000%p → ★PASS(무손상)

─ [관문B 거래오버레이 매칭] REVoi 원장 → b32 slot.trd{et,xt,ep,xp,side,pnl}
   per-trade pnl 복리 +1851.65%  vs  run_backtest +1851.65%  (차이 0.0000%p)
   per-trade 미러 최종잔고 $195,164.91  vs  RautoCEX.run $195,164.91  (차이 $0.000000)
   slot.trd 932건 변환 · 누락필드 slot=없음 trd=없음 · side오류 0 · px형식오류 0
   → ★PASS(무손실 변환·이중계산0)
   [예시 거래] {'et': 1730433600000, 'xt': 1730520000000, 'ep': 69180.03, 'xp': 69585.27, 'side': 'L', 'pnl': 1.12}

─ [관문C 차트버그 해소] 중앙 1m(DataHub) 단일출처 px 공유
   봇1(REVoi) 캔들 86401개 · 거래 932건
   봇2(롱전용) 캔들 86401개 · 거래 425건
   캔들 완전동일 = True  ·  거래는 봇마다 다름 = True
   → ★PASS(봇마다 캔들 동일·거래만 상이 = 옛 버그 구조해소)

[산출] 샘플 state.json 저장 = D:\ML\RfRauto\07_Rauto_System\260626_02_Rauto2_Sys\260626_02_Rauto2_Sys_state_sample.json (9,095 KB · 슬롯 2개)

====================================================================
[종합] 관문A 무손상=O · 관문B 거래매칭=O · 관문C 차트버그해소=O
[판정] Rauto2 신규시스템 + REVoi봇 ↔ b32 대시보드 매칭 : ✅ 문제없음 — 개조 진행 가능
====================================================================
